<?xml version="1.0" encoding="UTF-8"?>
<!-- Generated by org.testng.reporters.JUnitReportReporter -->
<testsuite hostname="Bharathis-MacBook-Pro.local" failures="0" tests="2" name="Test.Login" time="21.037" errors="0" timestamp="2021-10-19T21:56:46 EDT" skipped="0">
  <testcase classname="Test.Login" name="negativeLogin" time="10.405"/>
  <system-out/>
  <testcase classname="Test.Login" name="positiveLogin" time="10.632"/>
  <system-out/>
</testsuite> <!-- Test.Login -->
